<?xml version="1.0" encoding="UTF-8"?>
<testsuite name="com.microservice.nttdata.controller.UserControllerTest" tests="2" skipped="0" failures="0" errors="0" timestamp="2024-01-25T03:39:15" hostname="Davids-MacBook-Pro.local" time="0.391">
  <properties/>
  <testcase name="signUp_WithValidUser_ReturnsOk()" classname="com.microservice.nttdata.controller.UserControllerTest" time="0.344"/>
  <testcase name="signUp_WithEmptyUser_ReturnsError()" classname="com.microservice.nttdata.controller.UserControllerTest" time="0.044"/>
  <system-out><![CDATA[00:39:10.974 [Test worker] DEBUG org.springframework.test.context.BootstrapUtils - Instantiating CacheAwareContextLoaderDelegate from class [org.springframework.test.context.cache.DefaultCacheAwareContextLoaderDelegate]
00:39:10.983 [Test worker] DEBUG org.springframework.test.context.BootstrapUtils - Instantiating BootstrapContext using constructor [public org.springframework.test.context.support.DefaultBootstrapContext(java.lang.Class,org.springframework.test.context.CacheAwareContextLoaderDelegate)]
00:39:11.008 [Test worker] DEBUG org.springframework.test.context.BootstrapUtils - Instantiating TestContextBootstrapper for test class [com.microservice.nttdata.controller.UserControllerTest] from class [org.springframework.boot.test.context.SpringBootTestContextBootstrapper]
00:39:11.017 [Test worker] INFO org.springframework.boot.test.context.SpringBootTestContextBootstrapper - Neither @ContextConfiguration nor @ContextHierarchy found for test class [com.microservice.nttdata.controller.UserControllerTest], using SpringBootContextLoader
00:39:11.020 [Test worker] DEBUG org.springframework.test.context.support.AbstractContextLoader - Did not detect default resource location for test class [com.microservice.nttdata.controller.UserControllerTest]: class path resource [com/microservice/nttdata/controller/UserControllerTest-context.xml] does not exist
00:39:11.021 [Test worker] DEBUG org.springframework.test.context.support.AbstractContextLoader - Did not detect default resource location for test class [com.microservice.nttdata.controller.UserControllerTest]: class path resource [com/microservice/nttdata/controller/UserControllerTestContext.groovy] does not exist
00:39:11.021 [Test worker] INFO org.springframework.test.context.support.AbstractContextLoader - Could not detect default resource locations for test class [com.microservice.nttdata.controller.UserControllerTest]: no resource found for suffixes {-context.xml, Context.groovy}.
00:39:11.022 [Test worker] INFO org.springframework.test.context.support.AnnotationConfigContextLoaderUtils - Could not detect default configuration classes for test class [com.microservice.nttdata.controller.UserControllerTest]: UserControllerTest does not declare any static, non-private, non-final, nested classes annotated with @Configuration.
00:39:11.064 [Test worker] DEBUG org.springframework.test.context.support.ActiveProfilesUtils - Could not find an 'annotation declaring class' for annotation type [org.springframework.test.context.ActiveProfiles] and class [com.microservice.nttdata.controller.UserControllerTest]
00:39:11.118 [Test worker] DEBUG org.springframework.context.annotation.ClassPathScanningCandidateComponentProvider - Identified candidate component class: file [/Users/david/fabrica/calientaSpring/nttDataJavaTest/build/classes/java/main/com/microservice/nttdata/NttDataUserApplication.class]
00:39:11.119 [Test worker] INFO org.springframework.boot.test.context.SpringBootTestContextBootstrapper - Found @SpringBootConfiguration com.microservice.nttdata.NttDataUserApplication for test class com.microservice.nttdata.controller.UserControllerTest
00:39:11.190 [Test worker] DEBUG org.springframework.boot.test.context.SpringBootTestContextBootstrapper - @TestExecutionListeners is not present for class [com.microservice.nttdata.controller.UserControllerTest]: using defaults.
00:39:11.191 [Test worker] INFO org.springframework.boot.test.context.SpringBootTestContextBootstrapper - Loaded default TestExecutionListener class names from location [META-INF/spring.factories]: [org.springframework.boot.test.autoconfigure.restdocs.RestDocsTestExecutionListener, org.springframework.boot.test.autoconfigure.web.client.MockRestServiceServerResetTestExecutionListener, org.springframework.boot.test.autoconfigure.web.servlet.MockMvcPrintOnlyOnFailureTestExecutionListener, org.springframework.boot.test.autoconfigure.web.servlet.WebDriverTestExecutionListener, org.springframework.boot.test.autoconfigure.webservices.client.MockWebServiceServerTestExecutionListener, org.springframework.boot.test.mock.mockito.MockitoTestExecutionListener, org.springframework.boot.test.mock.mockito.ResetMocksTestExecutionListener, org.springframework.test.context.web.ServletTestExecutionListener, org.springframework.test.context.support.DirtiesContextBeforeModesTestExecutionListener, org.springframework.test.context.event.ApplicationEventsTestExecutionListener, org.springframework.test.context.support.DependencyInjectionTestExecutionListener, org.springframework.test.context.support.DirtiesContextTestExecutionListener, org.springframework.test.context.transaction.TransactionalTestExecutionListener, org.springframework.test.context.jdbc.SqlScriptsTestExecutionListener, org.springframework.test.context.event.EventPublishingTestExecutionListener]
00:39:11.204 [Test worker] INFO org.springframework.boot.test.context.SpringBootTestContextBootstrapper - Using TestExecutionListeners: [org.springframework.test.context.web.ServletTestExecutionListener@3704122f, org.springframework.test.context.support.DirtiesContextBeforeModesTestExecutionListener@3153ddfc, org.springframework.test.context.event.ApplicationEventsTestExecutionListener@60afd40d, org.springframework.boot.test.mock.mockito.MockitoTestExecutionListener@28a2a3e7, org.springframework.boot.test.autoconfigure.SpringBootDependencyInjectionTestExecutionListener@3f2049b6, org.springframework.test.context.support.DirtiesContextTestExecutionListener@10b3df93, org.springframework.test.context.transaction.TransactionalTestExecutionListener@ea27e34, org.springframework.test.context.jdbc.SqlScriptsTestExecutionListener@33a2499c, org.springframework.test.context.event.EventPublishingTestExecutionListener@e72dba7, org.springframework.boot.test.autoconfigure.restdocs.RestDocsTestExecutionListener@33c2bd, org.springframework.boot.test.autoconfigure.web.client.MockRestServiceServerResetTestExecutionListener@1dfd5f51, org.springframework.boot.test.autoconfigure.web.servlet.MockMvcPrintOnlyOnFailureTestExecutionListener@3c321bdb, org.springframework.boot.test.autoconfigure.web.servlet.WebDriverTestExecutionListener@24855019, org.springframework.boot.test.autoconfigure.webservices.client.MockWebServiceServerTestExecutionListener@3abd581e, org.springframework.boot.test.mock.mockito.ResetMocksTestExecutionListener@4d4d8fcf]
00:39:11.213 [Test worker] DEBUG org.springframework.test.context.support.AbstractDirtiesContextTestExecutionListener - Before test class: context [DefaultTestContext@6f6a7463 testClass = UserControllerTest, testInstance = [null], testMethod = [null], testException = [null], mergedContextConfiguration = [WebMergedContextConfiguration@1bdaa23d testClass = UserControllerTest, locations = '{}', classes = '{class com.microservice.nttdata.NttDataUserApplication}', contextInitializerClasses = '[]', activeProfiles = '{}', propertySourceLocations = '{}', propertySourceProperties = '{org.springframework.boot.test.context.SpringBootTestContextBootstrapper=true}', contextCustomizers = set[org.springframework.boot.test.autoconfigure.actuate.metrics.MetricsExportContextCustomizerFactory$DisableMetricExportContextCustomizer@1698fc68, org.springframework.boot.test.autoconfigure.properties.PropertyMappingContextCustomizer@0, org.springframework.boot.test.autoconfigure.web.servlet.WebDriverContextCustomizerFactory$Customizer@792bbc74, org.springframework.boot.test.context.filter.ExcludeFilterContextCustomizer@338494fa, org.springframework.boot.test.json.DuplicateJsonObjectContextCustomizerFactory$DuplicateJsonObjectContextCustomizer@129b4fe2, org.springframework.boot.test.mock.mockito.MockitoContextCustomizer@0, org.springframework.boot.test.web.client.TestRestTemplateContextCustomizer@ed3068a, org.springframework.boot.test.context.SpringBootTestArgs@1, org.springframework.boot.test.context.SpringBootTestWebEnvironment@6ca18a14], resourceBasePath = 'src/main/webapp', contextLoader = 'org.springframework.boot.test.context.SpringBootContextLoader', parent = [null]], attributes = map['org.springframework.test.context.web.ServletTestExecutionListener.activateListener' -> true]], class annotated with @DirtiesContext [false] with mode [null].

  .   ____          _            __ _ _
 /\\ / ___'_ __ _ _(_)_ __  __ _ \ \ \ \
( ( )\___ | '_ | '_| | '_ \/ _` | \ \ \ \
 \\/  ___)| |_)| | | | | || (_| |  ) ) ) )
  '  |____| .__|_| |_|_| |_\__, | / / / /
 =========|_|==============|___/=/_/_/_/
 :: Spring Boot ::               (v2.5.14)

2024-01-25 00:39:11 [Test worker] INFO  c.m.n.controller.UserControllerTest - Starting UserControllerTest using Java 11.0.19 on Davids-MacBook-Pro.local with PID 9594 (started by david in /Users/david/fabrica/calientaSpring/nttDataJavaTest)
2024-01-25 00:39:11 [Test worker] INFO  c.m.n.controller.UserControllerTest - No active profile set, falling back to 1 default profile: "default"
2024-01-25 00:39:12 [Test worker] INFO  o.s.d.r.c.RepositoryConfigurationDelegate - Bootstrapping Spring Data JPA repositories in DEFAULT mode.
2024-01-25 00:39:12 [Test worker] INFO  o.s.d.r.c.RepositoryConfigurationDelegate - Finished Spring Data repository scanning in 33 ms. Found 1 JPA repository interfaces.
2024-01-25 00:39:12 [Test worker] INFO  o.h.jpa.internal.util.LogHelper - HHH000204: Processing PersistenceUnitInfo [name: default]
2024-01-25 00:39:12 [Test worker] INFO  org.hibernate.Version - HHH000412: Hibernate ORM core version 5.4.33
2024-01-25 00:39:12 [Test worker] INFO  o.h.annotations.common.Version - HCANN000001: Hibernate Commons Annotations {5.1.2.Final}
2024-01-25 00:39:12 [Test worker] INFO  com.zaxxer.hikari.HikariDataSource - HikariPool-1 - Starting...
2024-01-25 00:39:12 [Test worker] INFO  com.zaxxer.hikari.HikariDataSource - HikariPool-1 - Start completed.
2024-01-25 00:39:12 [Test worker] INFO  org.hibernate.dialect.Dialect - HHH000400: Using dialect: org.hibernate.dialect.H2Dialect
Hibernate: create table ntt_user (id binary not null, created timestamp, email varchar(255) not null, is_active boolean, last_login timestamp, modified timestamp, name varchar(255), password varchar(255), primary key (id))
Hibernate: create table ntt_user_phone (id binary not null, citycode integer, countrycode varchar(255), number bigint, user_id binary not null, primary key (id))
Hibernate: alter table ntt_user drop constraint if exists UK_9g3qe4e1kv0yyl77u9tmku02n
Hibernate: alter table ntt_user add constraint UK_9g3qe4e1kv0yyl77u9tmku02n unique (email)
Hibernate: alter table ntt_user_phone add constraint FKtb0oyvhjj52a14ss753u7jo0w foreign key (user_id) references ntt_user
2024-01-25 00:39:13 [Test worker] INFO  o.h.e.t.j.p.i.JtaPlatformInitiator - HHH000490: Using JtaPlatform implementation: [org.hibernate.engine.transaction.jta.platform.internal.NoJtaPlatform]
2024-01-25 00:39:13 [Test worker] INFO  o.s.o.j.LocalContainerEntityManagerFactoryBean - Initialized JPA EntityManagerFactory for persistence unit 'default'
2024-01-25 00:39:14 [Test worker] WARN  o.s.b.a.o.j.JpaBaseConfiguration$JpaWebConfiguration - spring.jpa.open-in-view is enabled by default. Therefore, database queries may be performed during view rendering. Explicitly configure spring.jpa.open-in-view to disable this warning
2024-01-25 00:39:14 [Test worker] INFO  o.s.b.a.h.H2ConsoleAutoConfiguration - H2 console available at '/h2-console'. Database available at 'jdbc:h2:mem:productDB'
2024-01-25 00:39:14 [Test worker] INFO  c.m.n.controller.UserControllerTest - Started UserControllerTest in 3.75 seconds (JVM running for 4.742)
2024-01-25 00:39:15 [Test worker] INFO  o.s.mock.web.MockServletContext - Initializing Spring TestDispatcherServlet ''
2024-01-25 00:39:15 [Test worker] INFO  o.s.t.w.s.TestDispatcherServlet - Initializing Servlet ''
2024-01-25 00:39:15 [Test worker] INFO  o.s.t.w.s.TestDispatcherServlet - Completed initialization in 0 ms
Hibernate: insert into ntt_user (created, email, is_active, last_login, modified, name, password, id) values (?, ?, ?, ?, ?, ?, ?, ?)
2024-01-25 00:39:15 [Test worker] INFO  o.s.mock.web.MockServletContext - Initializing Spring TestDispatcherServlet ''
2024-01-25 00:39:15 [Test worker] INFO  o.s.t.w.s.TestDispatcherServlet - Initializing Servlet ''
2024-01-25 00:39:15 [Test worker] INFO  o.s.t.w.s.TestDispatcherServlet - Completed initialization in 0 ms
]]></system-out>
  <system-err><![CDATA[]]></system-err>
</testsuite>
