<?xml version="1.0" encoding="UTF-8"?>
<testsuite name="com.microservice.nttdata.service.UserServiceImplTest" tests="4" skipped="0" failures="0" errors="0" timestamp="2024-01-25T03:39:15" hostname="Davids-MacBook-Pro.local" time="0.046">
  <properties/>
  <testcase name="updateLastLogin_ExistingUser_ReturnsExistingUserUpdated()" classname="com.microservice.nttdata.service.UserServiceImplTest" time="0.01"/>
  <testcase name="getUserByName_NonExistingUser_ReturnsEmptyOptional()" classname="com.microservice.nttdata.service.UserServiceImplTest" time="0.006"/>
  <testcase name="getUserByName_ExistingUser_ReturnsOptionalWithUser()" classname="com.microservice.nttdata.service.UserServiceImplTest" time="0.011"/>
  <testcase name="createUser_ValidUser_ReturnsSavedUser()" classname="com.microservice.nttdata.service.UserServiceImplTest" time="0.011"/>
  <system-out><![CDATA[2024-01-25 00:39:15 [Test worker] INFO  o.s.b.t.c.SpringBootTestContextBootstrapper - Neither @ContextConfiguration nor @ContextHierarchy found for test class [com.microservice.nttdata.service.UserServiceImplTest], using SpringBootContextLoader
2024-01-25 00:39:15 [Test worker] INFO  o.s.t.c.s.AbstractContextLoader - Could not detect default resource locations for test class [com.microservice.nttdata.service.UserServiceImplTest]: no resource found for suffixes {-context.xml, Context.groovy}.
2024-01-25 00:39:15 [Test worker] INFO  o.s.t.c.s.AnnotationConfigContextLoaderUtils - Could not detect default configuration classes for test class [com.microservice.nttdata.service.UserServiceImplTest]: UserServiceImplTest does not declare any static, non-private, non-final, nested classes annotated with @Configuration.
2024-01-25 00:39:15 [Test worker] INFO  o.s.b.t.c.SpringBootTestContextBootstrapper - Found @SpringBootConfiguration com.microservice.nttdata.NttDataUserApplication for test class com.microservice.nttdata.service.UserServiceImplTest
2024-01-25 00:39:15 [Test worker] INFO  o.s.b.t.c.SpringBootTestContextBootstrapper - Loaded default TestExecutionListener class names from location [META-INF/spring.factories]: [org.springframework.boot.test.autoconfigure.restdocs.RestDocsTestExecutionListener, org.springframework.boot.test.autoconfigure.web.client.MockRestServiceServerResetTestExecutionListener, org.springframework.boot.test.autoconfigure.web.servlet.MockMvcPrintOnlyOnFailureTestExecutionListener, org.springframework.boot.test.autoconfigure.web.servlet.WebDriverTestExecutionListener, org.springframework.boot.test.autoconfigure.webservices.client.MockWebServiceServerTestExecutionListener, org.springframework.boot.test.mock.mockito.MockitoTestExecutionListener, org.springframework.boot.test.mock.mockito.ResetMocksTestExecutionListener, org.springframework.test.context.web.ServletTestExecutionListener, org.springframework.test.context.support.DirtiesContextBeforeModesTestExecutionListener, org.springframework.test.context.event.ApplicationEventsTestExecutionListener, org.springframework.test.context.support.DependencyInjectionTestExecutionListener, org.springframework.test.context.support.DirtiesContextTestExecutionListener, org.springframework.test.context.transaction.TransactionalTestExecutionListener, org.springframework.test.context.jdbc.SqlScriptsTestExecutionListener, org.springframework.test.context.event.EventPublishingTestExecutionListener]
2024-01-25 00:39:15 [Test worker] INFO  o.s.b.t.c.SpringBootTestContextBootstrapper - Using TestExecutionListeners: [org.springframework.test.context.web.ServletTestExecutionListener@7bd6c35e, org.springframework.test.context.support.DirtiesContextBeforeModesTestExecutionListener@564e0a6c, org.springframework.test.context.event.ApplicationEventsTestExecutionListener@5eabcf77, org.springframework.boot.test.mock.mockito.MockitoTestExecutionListener@647468a7, org.springframework.boot.test.autoconfigure.SpringBootDependencyInjectionTestExecutionListener@29f58b44, org.springframework.test.context.support.DirtiesContextTestExecutionListener@fcee97c, org.springframework.test.context.transaction.TransactionalTestExecutionListener@f1e5f85, org.springframework.test.context.jdbc.SqlScriptsTestExecutionListener@48682f91, org.springframework.test.context.event.EventPublishingTestExecutionListener@4dc23273, org.springframework.boot.test.autoconfigure.restdocs.RestDocsTestExecutionListener@35bfa7be, org.springframework.boot.test.autoconfigure.web.client.MockRestServiceServerResetTestExecutionListener@482034fb, org.springframework.boot.test.autoconfigure.web.servlet.MockMvcPrintOnlyOnFailureTestExecutionListener@41bd8ec9, org.springframework.boot.test.autoconfigure.web.servlet.WebDriverTestExecutionListener@1d306d27, org.springframework.boot.test.autoconfigure.webservices.client.MockWebServiceServerTestExecutionListener@557abb68, org.springframework.boot.test.mock.mockito.ResetMocksTestExecutionListener@1cb4cad0]
]]></system-out>
  <system-err><![CDATA[]]></system-err>
</testsuite>
