<?xml version="1.0" encoding="UTF-8"?>
<testsuite name="com.microservice.nttdata.service.JwtUtilTest" tests="1" skipped="0" failures="0" errors="0" timestamp="2024-01-25T03:39:15" hostname="Davids-MacBook-Pro.local" time="0.022">
  <properties/>
  <testcase name="testGenerateAndValidateToken()" classname="com.microservice.nttdata.service.JwtUtilTest" time="0.022"/>
  <system-out><![CDATA[2024-01-25 00:39:15 [Test worker] INFO  o.s.b.t.c.SpringBootTestContextBootstrapper - Neither @ContextConfiguration nor @ContextHierarchy found for test class [com.microservice.nttdata.service.JwtUtilTest], using SpringBootContextLoader
2024-01-25 00:39:15 [Test worker] INFO  o.s.t.c.s.AbstractContextLoader - Could not detect default resource locations for test class [com.microservice.nttdata.service.JwtUtilTest]: no resource found for suffixes {-context.xml, Context.groovy}.
2024-01-25 00:39:15 [Test worker] INFO  o.s.t.c.s.AnnotationConfigContextLoaderUtils - Could not detect default configuration classes for test class [com.microservice.nttdata.service.JwtUtilTest]: JwtUtilTest does not declare any static, non-private, non-final, nested classes annotated with @Configuration.
2024-01-25 00:39:15 [Test worker] INFO  o.s.b.t.c.SpringBootTestContextBootstrapper - Found @SpringBootConfiguration com.microservice.nttdata.NttDataUserApplication for test class com.microservice.nttdata.service.JwtUtilTest
2024-01-25 00:39:15 [Test worker] INFO  o.s.b.t.c.SpringBootTestContextBootstrapper - Loaded default TestExecutionListener class names from location [META-INF/spring.factories]: [org.springframework.boot.test.autoconfigure.restdocs.RestDocsTestExecutionListener, org.springframework.boot.test.autoconfigure.web.client.MockRestServiceServerResetTestExecutionListener, org.springframework.boot.test.autoconfigure.web.servlet.MockMvcPrintOnlyOnFailureTestExecutionListener, org.springframework.boot.test.autoconfigure.web.servlet.WebDriverTestExecutionListener, org.springframework.boot.test.autoconfigure.webservices.client.MockWebServiceServerTestExecutionListener, org.springframework.boot.test.mock.mockito.MockitoTestExecutionListener, org.springframework.boot.test.mock.mockito.ResetMocksTestExecutionListener, org.springframework.test.context.web.ServletTestExecutionListener, org.springframework.test.context.support.DirtiesContextBeforeModesTestExecutionListener, org.springframework.test.context.event.ApplicationEventsTestExecutionListener, org.springframework.test.context.support.DependencyInjectionTestExecutionListener, org.springframework.test.context.support.DirtiesContextTestExecutionListener, org.springframework.test.context.transaction.TransactionalTestExecutionListener, org.springframework.test.context.jdbc.SqlScriptsTestExecutionListener, org.springframework.test.context.event.EventPublishingTestExecutionListener]
2024-01-25 00:39:15 [Test worker] INFO  o.s.b.t.c.SpringBootTestContextBootstrapper - Using TestExecutionListeners: [org.springframework.test.context.web.ServletTestExecutionListener@225d93aa, org.springframework.test.context.support.DirtiesContextBeforeModesTestExecutionListener@35ef158f, org.springframework.test.context.event.ApplicationEventsTestExecutionListener@59d8a968, org.springframework.boot.test.mock.mockito.MockitoTestExecutionListener@14cd8dfa, org.springframework.boot.test.autoconfigure.SpringBootDependencyInjectionTestExecutionListener@5a438c0a, org.springframework.test.context.support.DirtiesContextTestExecutionListener@174da9a0, org.springframework.test.context.transaction.TransactionalTestExecutionListener@b42d1c8, org.springframework.test.context.jdbc.SqlScriptsTestExecutionListener@73983f07, org.springframework.test.context.event.EventPublishingTestExecutionListener@35fddea2, org.springframework.boot.test.autoconfigure.restdocs.RestDocsTestExecutionListener@4f876114, org.springframework.boot.test.autoconfigure.web.client.MockRestServiceServerResetTestExecutionListener@52d625bd, org.springframework.boot.test.autoconfigure.web.servlet.MockMvcPrintOnlyOnFailureTestExecutionListener@608448e7, org.springframework.boot.test.autoconfigure.web.servlet.WebDriverTestExecutionListener@3bd7829b, org.springframework.boot.test.autoconfigure.webservices.client.MockWebServiceServerTestExecutionListener@4faccb34, org.springframework.boot.test.mock.mockito.ResetMocksTestExecutionListener@2cb4e4b1]
]]></system-out>
  <system-err><![CDATA[]]></system-err>
</testsuite>
